<?xml version="1.0" encoding="UTF-8"?>
<!-- Generated by org.testng.reporters.JUnitReportReporter -->
<testsuite hostname="BoseFamily" failures="0" tests="1" name="driverFactory.AppTest" time="15.993" errors="0" timestamp="2023-09-27T14:25:47 IST" skipped="0">
  <testcase classname="driverFactory.AppTest" name="kickStart" time="15.993"/>
  <system-out/>
</testsuite> <!-- driverFactory.AppTest -->
